<?xml version="1.0" encoding="UTF-8"?>
<testsuite name="com.ewaste.app.BusinessDtoTest" tests="2" skipped="0" failures="0" errors="0" timestamp="2026-09-21T19:13:09" hostname="ahmed" time="0.002">
  <properties/>
  <testcase name="testCreateComponentRequestDtoSerialization" classname="com.ewaste.app.BusinessDtoTest" time="0.001"/>
  <testcase name="testComponentRequestResponseDeserialization" classname="com.ewaste.app.BusinessDtoTest" time="0.001"/>
  <system-out><![CDATA[]]></system-out>
  <system-err><![CDATA[]]></system-err>
</testsuite>
