<?xml version="1.0" encoding="UTF-8"?>
<testsuite name="com.ewaste.app.FacilityDtoTest" tests="4" skipped="0" failures="0" errors="0" timestamp="2026-09-21T19:13:09" hostname="ahmed" time="0.003">
  <properties/>
  <testcase name="testHarvestComponentRequestSerialization" classname="com.ewaste.app.FacilityDtoTest" time="0.001"/>
  <testcase name="testFlagHazardousMaterialRequestSerialization" classname="com.ewaste.app.FacilityDtoTest" time="0.001"/>
  <testcase name="testUpdateCategorizeRequestSerialization" classname="com.ewaste.app.FacilityDtoTest" time="0.0"/>
  <testcase name="testComponentResponseDeserialization" classname="com.ewaste.app.FacilityDtoTest" time="0.001"/>
  <system-out><![CDATA[]]></system-out>
  <system-err><![CDATA[]]></system-err>
</testsuite>
